<?xml version="1.0" encoding="UTF-8"?>
<testsuite name="Testing controller" tests="5" skipped="0" failures="0" errors="0" timestamp="2021-09-05T19:46:20" hostname="LAPTOP-2OVV8HOA" time="4.13">
  <properties/>
  <testcase name="Controller @NotNull" classname="main.ControllerTest" time="0.522"/>
  <testcase name="Get gif" classname="main.ControllerTest" time="3.293"/>
  <testcase name="Controller @NotNull" classname="main.ControllerTest" time="0.002"/>
  <testcase name="Get code list" classname="main.ControllerTest" time="0.17"/>
  <testcase name="Get exception" classname="main.ControllerTest" time="0.139"/>
  <system-out><![CDATA[22:46:17.986 [Test worker] DEBUG org.springframework.test.context.BootstrapUtils - Instantiating CacheAwareContextLoaderDelegate from class [org.springframework.test.context.cache.DefaultCacheAwareContextLoaderDelegate]
22:46:17.986 [Test worker] DEBUG org.springframework.test.context.BootstrapUtils - Instantiating BootstrapContext using constructor [public org.springframework.test.context.support.DefaultBootstrapContext(java.lang.Class,org.springframework.test.context.CacheAwareContextLoaderDelegate)]
22:46:17.987 [Test worker] DEBUG org.springframework.test.context.BootstrapUtils - Instantiating TestContextBootstrapper for test class [main.ControllerTest] from class [org.springframework.boot.test.context.SpringBootTestContextBootstrapper]
22:46:17.988 [Test worker] INFO org.springframework.boot.test.context.SpringBootTestContextBootstrapper - Neither @ContextConfiguration nor @ContextHierarchy found for test class [main.ControllerTest], using SpringBootContextLoader
22:46:17.989 [Test worker] DEBUG org.springframework.test.context.support.AbstractContextLoader - Did not detect default resource location for test class [main.ControllerTest]: class path resource [main/ControllerTest-context.xml] does not exist
22:46:17.989 [Test worker] DEBUG org.springframework.test.context.support.AbstractContextLoader - Did not detect default resource location for test class [main.ControllerTest]: class path resource [main/ControllerTestContext.groovy] does not exist
22:46:17.990 [Test worker] INFO org.springframework.test.context.support.AbstractContextLoader - Could not detect default resource locations for test class [main.ControllerTest]: no resource found for suffixes {-context.xml, Context.groovy}.
22:46:17.990 [Test worker] INFO org.springframework.test.context.support.AnnotationConfigContextLoaderUtils - Could not detect default configuration classes for test class [main.ControllerTest]: ControllerTest does not declare any static, non-private, non-final, nested classes annotated with @Configuration.
22:46:18.001 [Test worker] DEBUG org.springframework.test.context.support.ActiveProfilesUtils - Could not find an 'annotation declaring class' for annotation type [org.springframework.test.context.ActiveProfiles] and class [main.ControllerTest]
22:46:18.002 [Test worker] INFO org.springframework.boot.test.context.SpringBootTestContextBootstrapper - Found @SpringBootConfiguration main.Main for test class main.ControllerTest
22:46:18.004 [Test worker] DEBUG org.springframework.boot.test.context.SpringBootTestContextBootstrapper - @TestExecutionListeners is not present for class [main.ControllerTest]: using defaults.
22:46:18.004 [Test worker] INFO org.springframework.boot.test.context.SpringBootTestContextBootstrapper - Loaded default TestExecutionListener class names from location [META-INF/spring.factories]: [org.springframework.boot.test.autoconfigure.restdocs.RestDocsTestExecutionListener, org.springframework.boot.test.autoconfigure.web.client.MockRestServiceServerResetTestExecutionListener, org.springframework.boot.test.autoconfigure.web.servlet.MockMvcPrintOnlyOnFailureTestExecutionListener, org.springframework.boot.test.autoconfigure.web.servlet.WebDriverTestExecutionListener, org.springframework.boot.test.autoconfigure.webservices.client.MockWebServiceServerTestExecutionListener, org.springframework.boot.test.mock.mockito.MockitoTestExecutionListener, org.springframework.boot.test.mock.mockito.ResetMocksTestExecutionListener, org.springframework.test.context.web.ServletTestExecutionListener, org.springframework.test.context.support.DirtiesContextBeforeModesTestExecutionListener, org.springframework.test.context.event.ApplicationEventsTestExecutionListener, org.springframework.test.context.support.DependencyInjectionTestExecutionListener, org.springframework.test.context.support.DirtiesContextTestExecutionListener, org.springframework.test.context.transaction.TransactionalTestExecutionListener, org.springframework.test.context.jdbc.SqlScriptsTestExecutionListener, org.springframework.test.context.event.EventPublishingTestExecutionListener]
22:46:18.005 [Test worker] DEBUG org.springframework.boot.test.context.SpringBootTestContextBootstrapper - Skipping candidate TestExecutionListener [org.springframework.test.context.transaction.TransactionalTestExecutionListener] due to a missing dependency. Specify custom listener classes or make the default listener classes and their required dependencies available. Offending class: [org/springframework/transaction/interceptor/TransactionAttributeSource]
22:46:18.006 [Test worker] DEBUG org.springframework.boot.test.context.SpringBootTestContextBootstrapper - Skipping candidate TestExecutionListener [org.springframework.test.context.jdbc.SqlScriptsTestExecutionListener] due to a missing dependency. Specify custom listener classes or make the default listener classes and their required dependencies available. Offending class: [org/springframework/transaction/interceptor/TransactionAttribute]
22:46:18.006 [Test worker] INFO org.springframework.boot.test.context.SpringBootTestContextBootstrapper - Using TestExecutionListeners: [org.springframework.test.context.web.ServletTestExecutionListener@3055c1f5, org.springframework.test.context.support.DirtiesContextBeforeModesTestExecutionListener@53343b68, org.springframework.test.context.event.ApplicationEventsTestExecutionListener@309633ff, org.springframework.boot.test.mock.mockito.MockitoTestExecutionListener@29cd3d52, org.springframework.boot.test.autoconfigure.SpringBootDependencyInjectionTestExecutionListener@37891bf7, org.springframework.test.context.support.DirtiesContextTestExecutionListener@45149915, org.springframework.test.context.event.EventPublishingTestExecutionListener@441c4383, org.springframework.boot.test.autoconfigure.restdocs.RestDocsTestExecutionListener@4fbd1ff, org.springframework.boot.test.autoconfigure.web.client.MockRestServiceServerResetTestExecutionListener@7b522434, org.springframework.boot.test.autoconfigure.web.servlet.MockMvcPrintOnlyOnFailureTestExecutionListener@1aefd67a, org.springframework.boot.test.autoconfigure.web.servlet.WebDriverTestExecutionListener@3cc99eff, org.springframework.boot.test.autoconfigure.webservices.client.MockWebServiceServerTestExecutionListener@6667d4b0, org.springframework.boot.test.mock.mockito.ResetMocksTestExecutionListener@c7e2fcc]
22:46:18.010 [Test worker] DEBUG org.springframework.test.context.support.AbstractDirtiesContextTestExecutionListener - Before test class: context [DefaultTestContext@bd74dea testClass = ControllerTest, testInstance = [null], testMethod = [null], testException = [null], mergedContextConfiguration = [WebMergedContextConfiguration@3123957e testClass = ControllerTest, locations = '{}', classes = '{class main.Main}', contextInitializerClasses = '[]', activeProfiles = '{}', propertySourceLocations = '{}', propertySourceProperties = '{org.springframework.boot.test.context.SpringBootTestContextBootstrapper=true}', contextCustomizers = set[org.springframework.boot.test.autoconfigure.actuate.metrics.MetricsExportContextCustomizerFactory$DisableMetricExportContextCustomizer@102fc350, org.springframework.boot.test.autoconfigure.properties.PropertyMappingContextCustomizer@4b3fa0b3, org.springframework.boot.test.autoconfigure.web.servlet.WebDriverContextCustomizerFactory$Customizer@6f9d3031, [ImportsContextCustomizer@77dc4133 key = [org.springframework.boot.test.autoconfigure.web.servlet.MockMvcAutoConfiguration, org.springframework.boot.test.autoconfigure.web.servlet.MockMvcWebClientAutoConfiguration, org.springframework.boot.test.autoconfigure.web.servlet.MockMvcWebDriverAutoConfiguration, org.springframework.boot.autoconfigure.security.oauth2.client.servlet.OAuth2ClientAutoConfiguration, org.springframework.boot.autoconfigure.security.oauth2.resource.servlet.OAuth2ResourceServerAutoConfiguration, org.springframework.boot.autoconfigure.security.servlet.SecurityAutoConfiguration, org.springframework.boot.autoconfigure.security.servlet.SecurityFilterAutoConfiguration, org.springframework.boot.autoconfigure.security.servlet.UserDetailsServiceAutoConfiguration, org.springframework.boot.test.autoconfigure.web.servlet.MockMvcSecurityConfiguration]], org.springframework.boot.test.context.filter.ExcludeFilterContextCustomizer@79446432, org.springframework.boot.test.json.DuplicateJsonObjectContextCustomizerFactory$DuplicateJsonObjectContextCustomizer@20d77be9, org.springframework.boot.test.mock.mockito.MockitoContextCustomizer@0, org.springframework.boot.test.web.client.TestRestTemplateContextCustomizer@9b09da0, org.springframework.boot.test.context.SpringBootTestArgs@1, org.springframework.boot.test.context.SpringBootTestWebEnvironment@242ac24], resourceBasePath = 'src/main/webapp', contextLoader = 'org.springframework.boot.test.context.SpringBootContextLoader', parent = [null]], attributes = map['org.springframework.test.context.web.ServletTestExecutionListener.activateListener' -> true]], class annotated with @DirtiesContext [false] with mode [null].
22:46:18.044 [Test worker] DEBUG org.springframework.test.context.support.TestPropertySourceUtils - Adding inlined properties to environment: {spring.jmx.enabled=false, org.springframework.boot.test.context.SpringBootTestContextBootstrapper=true}

  .   ____          _            __ _ _
 /\\ / ___'_ __ _ _(_)_ __  __ _ \ \ \ \
( ( )\___ | '_ | '_| | '_ \/ _` | \ \ \ \
 \\/  ___)| |_)| | | | | || (_| |  ) ) ) )
  '  |____| .__|_| |_|_| |_\__, | / / / /
 =========|_|==============|___/=/_/_/_/
 :: Spring Boot ::                (v2.5.4)

2021-09-05 22:46:18.480  INFO 20964 --- [    Test worker] main.ControllerTest                      : Starting ControllerTest using Java 15.0.1 on LAPTOP-2OVV8HOA with PID 20964 (started by Bruiser in C:\skillbox\ExampleForGithub\CurrencyInformant)
2021-09-05 22:46:18.481  INFO 20964 --- [    Test worker] main.ControllerTest                      : No active profile set, falling back to default profiles: default
2021-09-05 22:46:19.294  INFO 20964 --- [    Test worker] o.s.cloud.context.scope.GenericScope     : BeanFactory id=539801be-53d8-33d6-b207-9ac93b90acd6
2021-09-05 22:46:20.204  INFO 20964 --- [    Test worker] o.s.b.a.w.s.WelcomePageHandlerMapping    : Adding welcome page: class path resource [static/index.html]
2021-09-05 22:46:20.426  INFO 20964 --- [    Test worker] o.s.b.t.m.w.SpringBootMockServletContext : Initializing Spring TestDispatcherServlet ''
2021-09-05 22:46:20.426  INFO 20964 --- [    Test worker] o.s.t.web.servlet.TestDispatcherServlet  : Initializing Servlet ''
2021-09-05 22:46:20.427  INFO 20964 --- [    Test worker] o.s.t.web.servlet.TestDispatcherServlet  : Completed initialization in 1 ms
2021-09-05 22:46:20.592  INFO 20964 --- [    Test worker] main.ControllerTest                      : Started ControllerTest in 2.54 seconds (JVM running for 3.76)

MockHttpServletRequest:
      HTTP Method = GET
      Request URI = /gif
       Parameters = {code=[USD]}
          Headers = []
             Body = null
    Session Attrs = {}

Handler:
             Type = main.controller.DefaultController
           Method = main.controller.DefaultController#getGif(String)

Async:
    Async started = false
     Async result = null

Resolved Exception:
             Type = null

ModelAndView:
        View name = null
             View = null
            Model = null

FlashMap:
       Attributes = null

MockHttpServletResponse:
           Status = 200
    Error message = null
          Headers = [Content-Type:"text/plain;charset=UTF-8", Content-Length:"9200"]
     Content type = text/plain;charset=UTF-8
             Body = {"data":{"type":"gif","id":"3oKIPtWFJyFYLjvVGo","url":"https:\/\/giphy.com\/gifs\/3oKIPtWFJyFYLjvVGo","slug":"3oKIPtWFJyFYLjvVGo","bitly_gif_url":"http:\/\/gph.is\/2vepUnR","bitly_url":"http:\/\/gph.is\/2vepUnR","embed_url":"https:\/\/giphy.com\/embed\/3oKIPtWFJyFYLjvVGo","username":"","source":"https:\/\/konczakowski.tumblr.com\/post\/153197375996","title":"saving pablo escobar GIF by Feliks Tomasz Konczakowski","rating":"g","content_url":"","source_tld":"konczakowski.tumblr.com","source_post_url":"https:\/\/konczakowski.tumblr.com\/post\/153197375996","is_sticker":0,"import_datetime":"2017-07-13 00:33:48","trending_datetime":"0000-00-00 00:00:00","images":{"hd":{"height":"720","mp4":"https:\/\/media3.giphy.com\/media\/3oKIPtWFJyFYLjvVGo\/giphy-hd.mp4?cid=b8618f6774a0c9d000e91876881af1f99eacbcf5f4bdecb5&rid=giphy-hd.mp4&ct=g","mp4_size":"4538676","width":"720"},"downsized_large":{"height":"480","size":"7655316","url":"https:\/\/media3.giphy.com\/media\/3oKIPtWFJyFYLjvVGo\/giphy-downsized-large.gif?cid=b8618f6774a0c9d000e91876881af1f99eacbcf5f4bdecb5&rid=giphy-downsized-large.gif&ct=g","width":"480"},"fixed_height_small_still":{"height":"100","size":"9538","url":"https:\/\/media3.giphy.com\/media\/3oKIPtWFJyFYLjvVGo\/100_s.gif?cid=b8618f6774a0c9d000e91876881af1f99eacbcf5f4bdecb5&rid=100_s.gif&ct=g","width":"100"},"original":{"frames":"58","hash":"330f29cc8a6cfbefdf34c56f1b3241cc","height":"480","mp4":"https:\/\/media3.giphy.com\/media\/3oKIPtWFJyFYLjvVGo\/giphy.mp4?cid=b8618f6774a0c9d000e91876881af1f99eacbcf5f4bdecb5&rid=giphy.mp4&ct=g","mp4_size":"1804566","size":"10394674","url":"https:\/\/media3.giphy.com\/media\/3oKIPtWFJyFYLjvVGo\/giphy.gif?cid=b8618f6774a0c9d000e91876881af1f99eacbcf5f4bdecb5&rid=giphy.gif&ct=g","webp":"https:\/\/media3.giphy.com\/media\/3oKIPtWFJyFYLjvVGo\/giphy.webp?cid=b8618f6774a0c9d000e91876881af1f99eacbcf5f4bdecb5&rid=giphy.webp&ct=g","webp_size":"2199228","width":"480"},"fixed_height_downsampled":{"height":"200","size":"163439","url":"https:\/\/media3.giphy.com\/media\/3oKIPtWFJyFYLjvVGo\/200_d.gif?cid=b8618f6774a0c9d000e91876881af1f99eacbcf5f4bdecb5&rid=200_d.gif&ct=g","webp":"https:\/\/media3.giphy.com\/media\/3oKIPtWFJyFYLjvVGo\/200_d.webp?cid=b8618f6774a0c9d000e91876881af1f99eacbcf5f4bdecb5&rid=200_d.webp&ct=g","webp_size":"104276","width":"200"},"downsized_still":{"height":"240","size":"38294","url":"https:\/\/media3.giphy.com\/media\/3oKIPtWFJyFYLjvVGo\/giphy-downsized_s.gif?cid=b8618f6774a0c9d000e91876881af1f99eacbcf5f4bdecb5&rid=giphy-downsized_s.gif&ct=g","width":"240"},"fixed_height_still":{"height":"200","size":"31163","url":"https:\/\/media3.giphy.com\/media\/3oKIPtWFJyFYLjvVGo\/200_s.gif?cid=b8618f6774a0c9d000e91876881af1f99eacbcf5f4bdecb5&rid=200_s.gif&ct=g","width":"200"},"downsized_medium":{"height":"311","size":"3446003","url":"https:\/\/media3.giphy.com\/media\/3oKIPtWFJyFYLjvVGo\/giphy-downsized-medium.gif?cid=b8618f6774a0c9d000e91876881af1f99eacbcf5f4bdecb5&rid=giphy-downsized-medium.gif&ct=g","width":"311"},"downsized":{"height":"240","size":"1904983","url":"https:\/\/media3.giphy.com\/media\/3oKIPtWFJyFYLjvVGo\/giphy-downsized.gif?cid=b8618f6774a0c9d000e91876881af1f99eacbcf5f4bdecb5&rid=giphy-downsized.gif&ct=g","width":"240"},"preview_webp":{"height":"76","size":"32774","url":"https:\/\/media3.giphy.com\/media\/3oKIPtWFJyFYLjvVGo\/giphy-preview.webp?cid=b8618f6774a0c9d000e91876881af1f99eacbcf5f4bdecb5&rid=giphy-preview.webp&ct=g","width":"76"},"original_mp4":{"height":"480","mp4":"https:\/\/media3.giphy.com\/media\/3oKIPtWFJyFYLjvVGo\/giphy.mp4?cid=b8618f6774a0c9d000e91876881af1f99eacbcf5f4bdecb5&rid=giphy.mp4&ct=g","mp4_size":"1804566","width":"480"},"fixed_height_small":{"height":"100","mp4":"https:\/\/media3.giphy.com\/media\/3oKIPtWFJyFYLjvVGo\/100.mp4?cid=b8618f6774a0c9d000e91876881af1f99eacbcf5f4bdecb5&rid=100.mp4&ct=g","mp4_size":"136332","size":"444684","url":"https:\/\/media3.giphy.com\/media\/3oKIPtWFJyFYLjvVGo\/100.gif?cid=b8618f6774a0c9d000e91876881af1f99eacbcf5f4bdecb5&rid=100.gif&ct=g","webp":"https:\/\/media3.giphy.com\/media\/3oKIPtWFJyFYLjvVGo\/100.webp?cid=b8618f6774a0c9d000e91876881af1f99eacbcf5f4bdecb5&rid=100.webp&ct=g","webp_size":"147610","width":"100"},"fixed_height":{"height":"200","mp4":"https:\/\/media3.giphy.com\/media\/3oKIPtWFJyFYLjvVGo\/200.mp4?cid=b8618f6774a0c9d000e91876881af1f99eacbcf5f4bdecb5&rid=200.mp4&ct=g","mp4_size":"424616","size":"1573149","url":"https:\/\/media3.giphy.com\/media\/3oKIPtWFJyFYLjvVGo\/200.gif?cid=b8618f6774a0c9d000e91876881af1f99eacbcf5f4bdecb5&rid=200.gif&ct=g","webp":"https:\/\/media3.giphy.com\/media\/3oKIPtWFJyFYLjvVGo\/200.webp?cid=b8618f6774a0c9d000e91876881af1f99eacbcf5f4bdecb5&rid=200.webp&ct=g","webp_size":"499254","width":"200"},"downsized_small":{"height":"192","mp4":"https:\/\/media3.giphy.com\/media\/3oKIPtWFJyFYLjvVGo\/giphy-downsized-small.mp4?cid=b8618f6774a0c9d000e91876881af1f99eacbcf5f4bdecb5&rid=giphy-downsized-small.mp4&ct=g","mp4_size":"132500","width":"192"},"preview":{"height":"150","mp4":"https:\/\/media3.giphy.com\/media\/3oKIPtWFJyFYLjvVGo\/giphy-preview.mp4?cid=b8618f6774a0c9d000e91876881af1f99eacbcf5f4bdecb5&rid=giphy-preview.mp4&ct=g","mp4_size":"44145","width":"150"},"fixed_width_downsampled":{"height":"200","size":"163439","url":"https:\/\/media3.giphy.com\/media\/3oKIPtWFJyFYLjvVGo\/200w_d.gif?cid=b8618f6774a0c9d000e91876881af1f99eacbcf5f4bdecb5&rid=200w_d.gif&ct=g","webp":"https:\/\/media3.giphy.com\/media\/3oKIPtWFJyFYLjvVGo\/200w_d.webp?cid=b8618f6774a0c9d000e91876881af1f99eacbcf5f4bdecb5&rid=200w_d.webp&ct=g","webp_size":"104276","width":"200"},"fixed_width_small_still":{"height":"100","size":"9538","url":"https:\/\/media3.giphy.com\/media\/3oKIPtWFJyFYLjvVGo\/100w_s.gif?cid=b8618f6774a0c9d000e91876881af1f99eacbcf5f4bdecb5&rid=100w_s.gif&ct=g","width":"100"},"fixed_width_small":{"height":"100","mp4":"https:\/\/media3.giphy.com\/media\/3oKIPtWFJyFYLjvVGo\/100w.mp4?cid=b8618f6774a0c9d000e91876881af1f99eacbcf5f4bdecb5&rid=100w.mp4&ct=g","mp4_size":"48685","size":"444684","url":"https:\/\/media3.giphy.com\/media\/3oKIPtWFJyFYLjvVGo\/100w.gif?cid=b8618f6774a0c9d000e91876881af1f99eacbcf5f4bdecb5&rid=100w.gif&ct=g","webp":"https:\/\/media3.giphy.com\/media\/3oKIPtWFJyFYLjvVGo\/100w.webp?cid=b8618f6774a0c9d000e91876881af1f99eacbcf5f4bdecb5&rid=100w.webp&ct=g","webp_size":"147610","width":"100"},"original_still":{"height":"480","size":"226033","url":"https:\/\/media3.giphy.com\/media\/3oKIPtWFJyFYLjvVGo\/giphy_s.gif?cid=b8618f6774a0c9d000e91876881af1f99eacbcf5f4bdecb5&rid=giphy_s.gif&ct=g","width":"480"},"fixed_width_still":{"height":"200","size":"31163","url":"https:\/\/media3.giphy.com\/media\/3oKIPtWFJyFYLjvVGo\/200w_s.gif?cid=b8618f6774a0c9d000e91876881af1f99eacbcf5f4bdecb5&rid=200w_s.gif&ct=g","width":"200"},"looping":{"mp4":"https:\/\/media3.giphy.com\/media\/3oKIPtWFJyFYLjvVGo\/giphy-loop.mp4?cid=b8618f6774a0c9d000e91876881af1f99eacbcf5f4bdecb5&rid=giphy-loop.mp4&ct=g","mp4_size":"13566620"},"fixed_width":{"height":"200","mp4":"https:\/\/media3.giphy.com\/media\/3oKIPtWFJyFYLjvVGo\/200w.mp4?cid=b8618f6774a0c9d000e91876881af1f99eacbcf5f4bdecb5&rid=200w.mp4&ct=g","mp4_size":"424616","size":"1573149","url":"https:\/\/media3.giphy.com\/media\/3oKIPtWFJyFYLjvVGo\/200w.gif?cid=b8618f6774a0c9d000e91876881af1f99eacbcf5f4bdecb5&rid=200w.gif&ct=g","webp":"https:\/\/media3.giphy.com\/media\/3oKIPtWFJyFYLjvVGo\/200w.webp?cid=b8618f6774a0c9d000e91876881af1f99eacbcf5f4bdecb5&rid=200w.webp&ct=g","webp_size":"499254","width":"200"},"preview_gif":{"height":"82","size":"48569","url":"https:\/\/media3.giphy.com\/media\/3oKIPtWFJyFYLjvVGo\/giphy-preview.gif?cid=b8618f6774a0c9d000e91876881af1f99eacbcf5f4bdecb5&rid=giphy-preview.gif&ct=g","width":"82"},"480w_still":{"url":"https:\/\/media1.giphy.com\/media\/3oKIPtWFJyFYLjvVGo\/480w_s.jpg?cid=b8618f6774a0c9d000e91876881af1f99eacbcf5f4bdecb5&rid=480w_s.jpg&ct=g","width":"480","height":"480"}},"image_original_url":"https:\/\/media3.giphy.com\/media\/3oKIPtWFJyFYLjvVGo\/giphy.gif","image_url":"https:\/\/media3.giphy.com\/media\/3oKIPtWFJyFYLjvVGo\/giphy.gif","image_mp4_url":"https:\/\/media3.giphy.com\/media\/3oKIPtWFJyFYLjvVGo\/giphy.mp4","image_frames":"58","image_width":"480","image_height":"480","fixed_height_downsampled_url":"https:\/\/media3.giphy.com\/media\/3oKIPtWFJyFYLjvVGo\/200_d.gif","fixed_height_downsampled_width":"200","fixed_height_downsampled_height":"200","fixed_width_downsampled_url":"https:\/\/media3.giphy.com\/media\/3oKIPtWFJyFYLjvVGo\/200w_d.gif","fixed_width_downsampled_width":"200","fixed_width_downsampled_height":"200","fixed_height_small_url":"https:\/\/media3.giphy.com\/media\/3oKIPtWFJyFYLjvVGo\/100.gif","fixed_height_small_still_url":"https:\/\/media3.giphy.com\/media\/3oKIPtWFJyFYLjvVGo\/100_s.gif","fixed_height_small_width":"100","fixed_height_small_height":"100","fixed_width_small_url":"https:\/\/media3.giphy.com\/media\/3oKIPtWFJyFYLjvVGo\/100w.gif","fixed_width_small_still_url":"https:\/\/media3.giphy.com\/media\/3oKIPtWFJyFYLjvVGo\/100w_s.gif","fixed_width_small_width":"100","fixed_width_small_height":"100","caption":""},"meta":{"status":200,"msg":"OK","response_id":"74a0c9d000e91876881af1f99eacbcf5f4bdecb5"},"tag":"broke"}
    Forwarded URL = null
   Redirected URL = null
          Cookies = []

MockHttpServletRequest:
      HTTP Method = GET
      Request URI = /currencies
       Parameters = {}
          Headers = []
             Body = null
    Session Attrs = {}

Handler:
             Type = main.controller.DefaultController
           Method = main.controller.DefaultController#getCurrencies()

Async:
    Async started = false
     Async result = null

Resolved Exception:
             Type = null

ModelAndView:
        View name = null
             View = null
            Model = null

FlashMap:
       Attributes = null

MockHttpServletResponse:
           Status = 200
    Error message = null
          Headers = [Content-Type:"application/json"]
     Content type = application/json
             Body = ["AED","AFN","ALL","AMD","ANG","AOA","ARS","AUD","AWG","AZN","BAM","BBD","BDT","BGN","BHD","BIF","BMD","BND","BOB","BRL","BSD","BTC","BTN","BWP","BYN","BZD","CAD","CDF","CHF","CLF","CLP","CNH","CNY","COP","CRC","CUC","CUP","CVE","CZK","DJF","DKK","DOP","DZD","EGP","ERN","ETB","EUR","FJD","FKP","GBP","GEL","GGP","GHS","GIP","GMD","GNF","GTQ","GYD","HKD","HNL","HRK","HTG","HUF","IDR","ILS","IMP","INR","IQD","IRR","ISK","JEP","JMD","JOD","JPY","KES","KGS","KHR","KMF","KPW","KRW","KWD","KYD","KZT","LAK","LBP","LKR","LRD","LSL","LYD","MAD","MDL","MGA","MKD","MMK","MNT","MOP","MRO","MRU","MUR","MVR","MWK","MXN","MYR","MZN","NAD","NGN","NIO","NOK","NPR","NZD","OMR","PAB","PEN","PGK","PHP","PKR","PLN","PYG","QAR","RON","RSD","RUB","RWF","SAR","SBD","SCR","SDG","SEK","SGD","SHP","SLL","SOS","SRD","SSP","STD","STN","SVC","SYP","SZL","THB","TJS","TMT","TND","TOP","TRY","TTD","TWD","TZS","UAH","UGX","USD","UYU","UZS","VES","VND","VUV","WST","XAF","XAG","XAU","XCD","XDR","XOF","XPD","XPF","XPT","YER","ZAR","ZMW","ZWL"]
    Forwarded URL = null
   Redirected URL = null
          Cookies = []

MockHttpServletRequest:
      HTTP Method = GET
      Request URI = /gif
       Parameters = {code=[FAKE]}
          Headers = []
             Body = null
    Session Attrs = {}

Handler:
             Type = main.controller.DefaultController
           Method = main.controller.DefaultController#getGif(String)

Async:
    Async started = false
     Async result = null

Resolved Exception:
             Type = null

ModelAndView:
        View name = null
             View = null
            Model = null

FlashMap:
       Attributes = null

MockHttpServletResponse:
           Status = 400
    Error message = null
          Headers = []
     Content type = null
             Body = 
    Forwarded URL = null
   Redirected URL = null
          Cookies = []
]]></system-out>
  <system-err><![CDATA[]]></system-err>
</testsuite>
